<?xml version="1.0" encoding="UTF-8"?>
<!-- Generated by org.testng.reporters.JUnitReportReporter -->
<testsuite hostname="DESKTOP-MK0SG0N" failures="0" tests="2" name="automationfc.Topic_04_GuestUser_OrderFlow_update" time="50.866" errors="0" timestamp="2022-07-03T14:29:59 ICT" skipped="0">
  <testcase classname="automationfc.Topic_04_GuestUser_OrderFlow_update" name="TC_01_ProductDetailPage_Navigation" time="49.786"/>
  <system-out/>
  <testcase classname="automationfc.Topic_04_GuestUser_OrderFlow_update" name="TC_02_ShippingPageLayout" time="1.080"/>
  <system-out/>
</testsuite> <!-- automationfc.Topic_04_GuestUser_OrderFlow_update -->
